  [1m[36mSQL (0.3ms)[0m  [1m SELECT name
 FROM sqlite_master
 WHERE type = 'table' AND NOT name = 'sqlite_sequence'
[0m
  [1m[35mSQL (0.1ms)[0m  select sqlite_version(*)
  [1m[36mSQL (1.0ms)[0m  [1mCREATE TABLE "schema_migrations" ("version" varchar(255) NOT NULL) [0m
  [1m[35mSQL (0.1ms)[0m  PRAGMA index_list("schema_migrations")
  [1m[36mSQL (0.9ms)[0m  [1mCREATE UNIQUE INDEX "unique_schema_migrations" ON "schema_migrations" ("version")[0m
  [1m[35mSQL (0.1ms)[0m   SELECT name
 FROM sqlite_master
 WHERE type = 'table' AND NOT name = 'sqlite_sequence'
  [1m[36mSQL (0.1ms)[0m  [1m SELECT name
 FROM sqlite_master
 WHERE type = 'table' AND NOT name = 'sqlite_sequence'
[0m
  [1m[35mSQL (0.1ms)[0m  SELECT "schema_migrations"."version" FROM "schema_migrations"
Migrating to CreatePages (20110305083542)
  [1m[36mSQL (0.6ms)[0m  [1mCREATE TABLE "pages" ("id" INTEGER PRIMARY KEY AUTOINCREMENT NOT NULL, "created_at" datetime, "updated_at" datetime) [0m
  [1m[35mSQL (0.1ms)[0m  INSERT INTO "schema_migrations" ("version") VALUES ('20110305083542')
  [1m[36mSQL (0.3ms)[0m  [1m SELECT name
 FROM sqlite_master
 WHERE type = 'table' AND NOT name = 'sqlite_sequence'
[0m
  [1m[35mSQL (0.1ms)[0m  SELECT "schema_migrations"."version" FROM "schema_migrations"
  [1m[36mSQL (0.3ms)[0m  [1m SELECT name
 FROM sqlite_master
 WHERE type = 'table' AND NOT name = 'sqlite_sequence'
[0m
  [1m[35mSQL (0.1ms)[0m  PRAGMA index_list("pages")


Started GET "/pages/home" for 127.0.0.1 at 2011-03-05 19:38:47 +1100

AbstractController::ActionNotFound (The action 'show' could not be found for PagesController):
  

Rendered /Users/ptagell/.rvm/gems/ruby-1.9.2-p180/gems/actionpack-3.0.5/lib/action_dispatch/middleware/templates/rescues/unknown_action.erb within rescues/layout (0.7ms)
  [1m[36mSQL (0.4ms)[0m  [1m SELECT name
 FROM sqlite_master
 WHERE type = 'table' AND NOT name = 'sqlite_sequence'
[0m
  [1m[35mSQL (0.1ms)[0m   SELECT name
 FROM sqlite_master
 WHERE type = 'table' AND NOT name = 'sqlite_sequence'
  [1m[36mSQL (0.1ms)[0m  [1mSELECT "schema_migrations"."version" FROM "schema_migrations"[0m
Migrating to CreatePages (20110305083542)
  [1m[35mSQL (0.1ms)[0m  select sqlite_version(*)
  [1m[36mSQL (0.1ms)[0m  [1m SELECT name
 FROM sqlite_master
 WHERE type = 'table' AND NOT name = 'sqlite_sequence'
[0m
  [1m[35mSQL (0.1ms)[0m  SELECT "schema_migrations"."version" FROM "schema_migrations"
  [1m[36mSQL (0.1ms)[0m  [1m SELECT name
 FROM sqlite_master
 WHERE type = 'table' AND NOT name = 'sqlite_sequence'
[0m
  [1m[35mSQL (0.0ms)[0m  PRAGMA index_list("pages")


Started GET "/pages/home" for 127.0.0.1 at 2011-03-05 19:40:50 +1100

AbstractController::ActionNotFound (The action 'show' could not be found for PagesController):
  

Rendered /Users/ptagell/.rvm/gems/ruby-1.9.2-p180/gems/actionpack-3.0.5/lib/action_dispatch/middleware/templates/rescues/unknown_action.erb within rescues/layout (0.7ms)


Started GET "/pages/hoem" for 127.0.0.1 at 2011-03-05 19:42:14 +1100

ActionController::RoutingError (No route matches "/pages/hoem"):
  

Rendered /Users/ptagell/.rvm/gems/ruby-1.9.2-p180/gems/actionpack-3.0.5/lib/action_dispatch/middleware/templates/rescues/routing_error.erb within rescues/layout (0.9ms)


Started GET "/pages/home" for 127.0.0.1 at 2011-03-05 19:42:17 +1100

ActionController::RoutingError (No route matches "/pages/home"):
  

Rendered /Users/ptagell/.rvm/gems/ruby-1.9.2-p180/gems/actionpack-3.0.5/lib/action_dispatch/middleware/templates/rescues/routing_error.erb within rescues/layout (0.8ms)


Started GET "/pages/home" for 127.0.0.1 at 2011-03-05 19:42:18 +1100

ActionController::RoutingError (No route matches "/pages/home"):
  

Rendered /Users/ptagell/.rvm/gems/ruby-1.9.2-p180/gems/actionpack-3.0.5/lib/action_dispatch/middleware/templates/rescues/routing_error.erb within rescues/layout (0.9ms)


Started GET "/pages/home" for 127.0.0.1 at 2011-03-05 19:42:24 +1100
  Processing by PagesController#home as HTML
Rendered pages/home.html.erb within layouts/application (1.6ms)
Completed 200 OK in 6ms (Views: 6.1ms | ActiveRecord: 0.0ms)


Started GET "/pages/home" for 127.0.0.1 at 2011-03-05 19:42:25 +1100
  Processing by PagesController#home as HTML
Rendered pages/home.html.erb within layouts/application (1.5ms)
Completed 200 OK in 5ms (Views: 5.0ms | ActiveRecord: 0.0ms)


Started GET "/pages/home" for 127.0.0.1 at 2011-03-05 19:42:58 +1100
  Processing by PagesController#home as HTML
Rendered pages/home.html.erb within layouts/application (1.8ms)
Completed 200 OK in 6ms (Views: 5.4ms | ActiveRecord: 0.0ms)


Started GET "/pages/home" for 127.0.0.1 at 2011-03-05 19:43:46 +1100
  Processing by PagesController#home as HTML
Rendered pages/home.html.erb within layouts/application (2.4ms)
Completed 200 OK in 6ms (Views: 5.9ms | ActiveRecord: 0.0ms)


Started GET "/pages/home" for 127.0.0.1 at 2011-03-05 19:43:46 +1100
  Processing by PagesController#home as HTML
Rendered pages/home.html.erb within layouts/application (2.0ms)
Completed 200 OK in 7ms (Views: 6.7ms | ActiveRecord: 0.0ms)


Started GET "/pages/home" for 127.0.0.1 at 2011-03-05 19:43:47 +1100
  Processing by PagesController#home as HTML
Rendered pages/home.html.erb within layouts/application (2.2ms)
Completed 200 OK in 6ms (Views: 5.7ms | ActiveRecord: 0.0ms)


Started GET "/pages/home" for 127.0.0.1 at 2011-03-05 19:43:47 +1100
  Processing by PagesController#home as HTML
Rendered pages/home.html.erb within layouts/application (2.2ms)
Completed 200 OK in 6ms (Views: 5.9ms | ActiveRecord: 0.0ms)


Started GET "/pages/home" for 127.0.0.1 at 2011-03-05 19:43:47 +1100
  Processing by PagesController#home as HTML
Rendered pages/home.html.erb within layouts/application (1.9ms)
Completed 200 OK in 6ms (Views: 5.9ms | ActiveRecord: 0.0ms)


Started GET "/pages/home" for 127.0.0.1 at 2011-03-05 19:43:47 +1100
  Processing by PagesController#home as HTML
Rendered pages/home.html.erb within layouts/application (2.1ms)
Completed 200 OK in 40ms (Views: 39.5ms | ActiveRecord: 0.0ms)


Started GET "/pages/home" for 127.0.0.1 at 2011-03-05 19:43:47 +1100
  Processing by PagesController#home as HTML
Rendered pages/home.html.erb within layouts/application (2.1ms)
Completed 200 OK in 6ms (Views: 5.8ms | ActiveRecord: 0.0ms)


Started GET "/pages/home" for 127.0.0.1 at 2011-03-05 19:43:51 +1100
  Processing by PagesController#home as HTML
Rendered pages/home.html.erb within layouts/application (1.7ms)
Completed 200 OK in 6ms (Views: 5.4ms | ActiveRecord: 0.0ms)


Started GET "/pages/home" for 127.0.0.1 at 2011-03-05 19:43:56 +1100
  Processing by PagesController#home as HTML
Rendered pages/home.html.erb within layouts/application (1.9ms)
Completed 200 OK in 6ms (Views: 5.7ms | ActiveRecord: 0.0ms)


Started GET "/pages/home" for 127.0.0.1 at 2011-03-05 19:44:04 +1100
  Processing by PagesController#home as HTML
Rendered pages/home.html.erb within layouts/application (1.8ms)
Completed 200 OK in 6ms (Views: 5.8ms | ActiveRecord: 0.0ms)


Started GET "/pages/home" for 127.0.0.1 at 2011-03-05 19:44:04 +1100
  Processing by PagesController#home as HTML
Rendered pages/home.html.erb within layouts/application (1.8ms)
Completed 200 OK in 6ms (Views: 6.0ms | ActiveRecord: 0.0ms)


Started GET "/pages/home" for 127.0.0.1 at 2011-03-05 19:45:20 +1100
  Processing by PagesController#home as HTML
Rendered pages/home.html.erb within layouts/application (1.9ms)
Completed 200 OK in 6ms (Views: 5.4ms | ActiveRecord: 0.0ms)


Started GET "/pages/home" for 127.0.0.1 at 2011-03-05 19:55:38 +1100
  Processing by PagesController#home as HTML
Rendered pages/home.html.erb within layouts/application (1.9ms)
Completed 200 OK in 7ms (Views: 6.7ms | ActiveRecord: 0.0ms)


Started GET "/pages/home" for 127.0.0.1 at 2011-03-05 19:55:45 +1100
  Processing by PagesController#home as HTML
Rendered pages/home.html.erb within layouts/application (1.9ms)
Completed 200 OK in 6ms (Views: 5.7ms | ActiveRecord: 0.0ms)


Started GET "/pages/home" for 127.0.0.1 at 2011-03-05 19:56:20 +1100
  Processing by PagesController#home as HTML
Rendered pages/home.html.erb within layouts/application (1.9ms)
Completed 200 OK in 6ms (Views: 6.1ms | ActiveRecord: 0.0ms)


Started GET "/stylesheets/compiled/styles.css" for 127.0.0.1 at 2011-03-05 19:56:20 +1100

ActionController::RoutingError (No route matches "/stylesheets/compiled/styles.css"):
  

Rendered /Users/ptagell/.rvm/gems/ruby-1.9.2-p180/gems/actionpack-3.0.5/lib/action_dispatch/middleware/templates/rescues/routing_error.erb within rescues/layout (0.9ms)


Started GET "/pages/home" for 127.0.0.1 at 2011-03-05 19:56:21 +1100
  Processing by PagesController#home as HTML
Rendered pages/home.html.erb within layouts/application (37.0ms)
Completed 200 OK in 41ms (Views: 40.9ms | ActiveRecord: 0.0ms)


Started GET "/stylesheets/compiled/styles.css" for 127.0.0.1 at 2011-03-05 19:56:21 +1100

ActionController::RoutingError (No route matches "/stylesheets/compiled/styles.css"):
  

Rendered /Users/ptagell/.rvm/gems/ruby-1.9.2-p180/gems/actionpack-3.0.5/lib/action_dispatch/middleware/templates/rescues/routing_error.erb within rescues/layout (1.1ms)


Started GET "/pages/home" for 127.0.0.1 at 2011-03-05 19:56:28 +1100
  Processing by PagesController#home as HTML
Rendered pages/home.html.erb within layouts/application (1.8ms)
Completed 200 OK in 6ms (Views: 5.6ms | ActiveRecord: 0.0ms)


Started GET "/stylesheets/compiled/styles.css" for 127.0.0.1 at 2011-03-05 19:56:28 +1100

ActionController::RoutingError (No route matches "/stylesheets/compiled/styles.css"):
  

Rendered /Users/ptagell/.rvm/gems/ruby-1.9.2-p180/gems/actionpack-3.0.5/lib/action_dispatch/middleware/templates/rescues/routing_error.erb within rescues/layout (1.3ms)


Started GET "/pages/home" for 127.0.0.1 at 2011-03-05 19:56:52 +1100
  Processing by PagesController#home as HTML
Rendered pages/home.html.erb within layouts/application (1.9ms)
Completed 200 OK in 6ms (Views: 5.7ms | ActiveRecord: 0.0ms)


Started GET "/stylesheets/compiled/styles.css" for 127.0.0.1 at 2011-03-05 19:56:52 +1100

ActionController::RoutingError (No route matches "/stylesheets/compiled/styles.css"):
  

Rendered /Users/ptagell/.rvm/gems/ruby-1.9.2-p180/gems/actionpack-3.0.5/lib/action_dispatch/middleware/templates/rescues/routing_error.erb within rescues/layout (1.4ms)


Started GET "/pages/home" for 127.0.0.1 at 2011-03-05 19:57:20 +1100
  Processing by PagesController#home as HTML
Rendered pages/home.html.erb within layouts/application (2.5ms)
Completed 200 OK in 6ms (Views: 6.2ms | ActiveRecord: 0.0ms)


Started GET "/stylesheets/compiled/styles.css" for 127.0.0.1 at 2011-03-05 19:57:20 +1100

ActionController::RoutingError (No route matches "/stylesheets/compiled/styles.css"):
  

Rendered /Users/ptagell/.rvm/gems/ruby-1.9.2-p180/gems/actionpack-3.0.5/lib/action_dispatch/middleware/templates/rescues/routing_error.erb within rescues/layout (1.0ms)


Started GET "/" for 127.0.0.1 at 2011-03-05 20:00:30 +1100
  Processing by PagesController#home as HTML
Rendered pages/home.html.erb within layouts/application (1.9ms)
Completed 200 OK in 6ms (Views: 5.6ms | ActiveRecord: 0.0ms)


Started GET "/stylesheets/compiled/styles.css" for 127.0.0.1 at 2011-03-05 20:00:30 +1100

ActionController::RoutingError (No route matches "/stylesheets/compiled/styles.css"):
  

Rendered /Users/ptagell/.rvm/gems/ruby-1.9.2-p180/gems/actionpack-3.0.5/lib/action_dispatch/middleware/templates/rescues/routing_error.erb within rescues/layout (1.2ms)


Started GET "/" for 127.0.0.1 at 2011-03-05 20:01:14 +1100
  Processing by PagesController#home as HTML
Rendered pages/home.html.erb within layouts/application (1.8ms)
Completed 200 OK in 6ms (Views: 5.6ms | ActiveRecord: 0.0ms)


Started GET "/stylesheets/compiled/styles.css" for 127.0.0.1 at 2011-03-05 20:01:14 +1100

ActionController::RoutingError (No route matches "/stylesheets/compiled/styles.css"):
  

Rendered /Users/ptagell/.rvm/gems/ruby-1.9.2-p180/gems/actionpack-3.0.5/lib/action_dispatch/middleware/templates/rescues/routing_error.erb within rescues/layout (1.3ms)


Started GET "/" for 127.0.0.1 at 2011-03-05 20:01:37 +1100
  Processing by PagesController#home as HTML
Rendered pages/home.html.erb within layouts/application (1.7ms)
Completed 200 OK in 5ms (Views: 5.1ms | ActiveRecord: 0.0ms)


Started GET "/stylesheets/compiled/styles.css" for 127.0.0.1 at 2011-03-05 20:01:37 +1100

ActionController::RoutingError (No route matches "/stylesheets/compiled/styles.css"):
  

Rendered /Users/ptagell/.rvm/gems/ruby-1.9.2-p180/gems/actionpack-3.0.5/lib/action_dispatch/middleware/templates/rescues/routing_error.erb within rescues/layout (1.5ms)


Started GET "/" for 127.0.0.1 at 2011-03-05 20:01:56 +1100
  Processing by PagesController#home as HTML
Rendered pages/home.html.erb within layouts/application (1.7ms)
Completed 200 OK in 6ms (Views: 5.3ms | ActiveRecord: 0.0ms)


Started GET "/stylesheets/compiled/styles.css" for 127.0.0.1 at 2011-03-05 20:01:56 +1100

ActionController::RoutingError (No route matches "/stylesheets/compiled/styles.css"):
  

Rendered /Users/ptagell/.rvm/gems/ruby-1.9.2-p180/gems/actionpack-3.0.5/lib/action_dispatch/middleware/templates/rescues/routing_error.erb within rescues/layout (1.4ms)


Started GET "/" for 127.0.0.1 at 2011-03-05 20:03:59 +1100
  Processing by PagesController#home as HTML
Rendered pages/home.html.erb within layouts/application (2.4ms)
Completed 200 OK in 6ms (Views: 6.0ms | ActiveRecord: 0.0ms)


Started GET "/stylesheets/compiled/styles.css" for 127.0.0.1 at 2011-03-05 20:04:00 +1100

ActionController::RoutingError (No route matches "/stylesheets/compiled/styles.css"):
  

Rendered /Users/ptagell/.rvm/gems/ruby-1.9.2-p180/gems/actionpack-3.0.5/lib/action_dispatch/middleware/templates/rescues/routing_error.erb within rescues/layout (1.0ms)


Started GET "/" for 127.0.0.1 at 2011-03-05 20:05:20 +1100
  Processing by PagesController#home as HTML
Rendered pages/home.html.erb within layouts/application (2.0ms)
Completed 200 OK in 6ms (Views: 5.9ms | ActiveRecord: 0.0ms)


Started GET "/stylesheets/compiled/styles.css" for 127.0.0.1 at 2011-03-05 20:05:21 +1100

ActionController::RoutingError (No route matches "/stylesheets/compiled/styles.css"):
  

Rendered /Users/ptagell/.rvm/gems/ruby-1.9.2-p180/gems/actionpack-3.0.5/lib/action_dispatch/middleware/templates/rescues/routing_error.erb within rescues/layout (1.2ms)


Started GET "/" for 127.0.0.1 at 2011-03-05 20:08:38 +1100
  Processing by PagesController#home as HTML
Rendered pages/home.html.erb within layouts/application (1.8ms)
Completed 200 OK in 6ms (Views: 5.2ms | ActiveRecord: 0.0ms)


Started GET "/stylesheets/compiled/styles.css" for 127.0.0.1 at 2011-03-05 20:08:38 +1100

ActionController::RoutingError (No route matches "/stylesheets/compiled/styles.css"):
  

Rendered /Users/ptagell/.rvm/gems/ruby-1.9.2-p180/gems/actionpack-3.0.5/lib/action_dispatch/middleware/templates/rescues/routing_error.erb within rescues/layout (1.3ms)


Started GET "/" for 127.0.0.1 at 2011-03-05 20:09:21 +1100
  Processing by PagesController#home as HTML
Rendered pages/home.html.erb within layouts/application (1.8ms)
Completed 200 OK in 6ms (Views: 5.2ms | ActiveRecord: 0.0ms)


Started GET "/stylesheets/compiled/styles.css" for 127.0.0.1 at 2011-03-05 20:09:21 +1100

ActionController::RoutingError (No route matches "/stylesheets/compiled/styles.css"):
  

Rendered /Users/ptagell/.rvm/gems/ruby-1.9.2-p180/gems/actionpack-3.0.5/lib/action_dispatch/middleware/templates/rescues/routing_error.erb within rescues/layout (1.0ms)


Started GET "/" for 127.0.0.1 at 2011-03-05 20:09:22 +1100
  Processing by PagesController#home as HTML
Rendered pages/home.html.erb within layouts/application (2.0ms)
Completed 200 OK in 7ms (Views: 6.5ms | ActiveRecord: 0.0ms)


Started GET "/stylesheets/compiled/styles.css" for 127.0.0.1 at 2011-03-05 20:09:22 +1100

ActionController::RoutingError (No route matches "/stylesheets/compiled/styles.css"):
  

Rendered /Users/ptagell/.rvm/gems/ruby-1.9.2-p180/gems/actionpack-3.0.5/lib/action_dispatch/middleware/templates/rescues/routing_error.erb within rescues/layout (0.9ms)


Started GET "/" for 127.0.0.1 at 2011-03-05 20:10:33 +1100
  Processing by PagesController#home as HTML
Rendered pages/home.html.erb within layouts/application (1.9ms)
Completed 200 OK in 7ms (Views: 6.3ms | ActiveRecord: 0.0ms)


Started GET "/stylesheets/compiled/styles.css" for 127.0.0.1 at 2011-03-05 20:10:33 +1100

ActionController::RoutingError (No route matches "/stylesheets/compiled/styles.css"):
  

Rendered /Users/ptagell/.rvm/gems/ruby-1.9.2-p180/gems/actionpack-3.0.5/lib/action_dispatch/middleware/templates/rescues/routing_error.erb within rescues/layout (0.8ms)


Started GET "/" for 127.0.0.1 at 2011-03-05 20:10:53 +1100
  Processing by PagesController#home as HTML
Rendered pages/home.html.erb within layouts/application (1.8ms)
Completed 200 OK in 6ms (Views: 5.3ms | ActiveRecord: 0.0ms)


Started GET "/stylesheets/compiled/styles.css" for 127.0.0.1 at 2011-03-05 20:10:54 +1100

ActionController::RoutingError (No route matches "/stylesheets/compiled/styles.css"):
  

Rendered /Users/ptagell/.rvm/gems/ruby-1.9.2-p180/gems/actionpack-3.0.5/lib/action_dispatch/middleware/templates/rescues/routing_error.erb within rescues/layout (1.2ms)


Started GET "/" for 127.0.0.1 at 2011-03-05 20:11:00 +1100
  Processing by PagesController#home as HTML
Rendered pages/home.html.erb within layouts/application (1.8ms)
Completed 200 OK in 6ms (Views: 5.5ms | ActiveRecord: 0.0ms)


Started GET "/stylesheets/compiled/styles.css" for 127.0.0.1 at 2011-03-05 20:11:00 +1100

ActionController::RoutingError (No route matches "/stylesheets/compiled/styles.css"):
  

Rendered /Users/ptagell/.rvm/gems/ruby-1.9.2-p180/gems/actionpack-3.0.5/lib/action_dispatch/middleware/templates/rescues/routing_error.erb within rescues/layout (0.9ms)


Started GET "/" for 127.0.0.1 at 2011-03-05 20:11:16 +1100
  Processing by PagesController#home as HTML
Rendered pages/home.html.erb within layouts/application (1.9ms)
Completed 200 OK in 6ms (Views: 5.5ms | ActiveRecord: 0.0ms)


Started GET "/stylesheets/compiled/styles.css" for 127.0.0.1 at 2011-03-05 20:11:16 +1100

ActionController::RoutingError (No route matches "/stylesheets/compiled/styles.css"):
  

Rendered /Users/ptagell/.rvm/gems/ruby-1.9.2-p180/gems/actionpack-3.0.5/lib/action_dispatch/middleware/templates/rescues/routing_error.erb within rescues/layout (1.3ms)


Started GET "/" for 127.0.0.1 at 2011-03-05 20:11:29 +1100
  Processing by PagesController#home as HTML
Rendered pages/home.html.erb within layouts/application (36.7ms)
Completed 200 OK in 41ms (Views: 40.3ms | ActiveRecord: 0.0ms)


Started GET "/stylesheets/compiled/styles.css" for 127.0.0.1 at 2011-03-05 20:11:30 +1100

ActionController::RoutingError (No route matches "/stylesheets/compiled/styles.css"):
  

Rendered /Users/ptagell/.rvm/gems/ruby-1.9.2-p180/gems/actionpack-3.0.5/lib/action_dispatch/middleware/templates/rescues/routing_error.erb within rescues/layout (1.2ms)


Started GET "/" for 127.0.0.1 at 2011-03-05 20:12:16 +1100
  Processing by PagesController#home as HTML
Rendered pages/home.html.erb within layouts/application (1.9ms)
Completed 200 OK in 6ms (Views: 5.4ms | ActiveRecord: 0.0ms)


Started GET "/stylesheets/compiled/styles.css" for 127.0.0.1 at 2011-03-05 20:12:17 +1100

ActionController::RoutingError (No route matches "/stylesheets/compiled/styles.css"):
  

Rendered /Users/ptagell/.rvm/gems/ruby-1.9.2-p180/gems/actionpack-3.0.5/lib/action_dispatch/middleware/templates/rescues/routing_error.erb within rescues/layout (1.3ms)


Started GET "/" for 127.0.0.1 at 2011-03-05 20:12:41 +1100
  Processing by PagesController#home as HTML
Rendered pages/home.html.erb within layouts/application (1.8ms)
Completed 200 OK in 7ms (Views: 6.1ms | ActiveRecord: 0.0ms)


Started GET "/" for 127.0.0.1 at 2011-03-05 20:12:42 +1100
  Processing by PagesController#home as HTML
Rendered pages/home.html.erb within layouts/application (1.7ms)
Completed 200 OK in 5ms (Views: 5.2ms | ActiveRecord: 0.0ms)


Started GET "/" for 127.0.0.1 at 2011-03-05 20:12:42 +1100
  Processing by PagesController#home as HTML
Rendered pages/home.html.erb within layouts/application (1.7ms)
Completed 200 OK in 6ms (Views: 5.8ms | ActiveRecord: 0.0ms)


Started GET "/" for 127.0.0.1 at 2011-03-05 20:12:42 +1100
  Processing by PagesController#home as HTML
Rendered pages/home.html.erb within layouts/application (1.7ms)
Completed 200 OK in 6ms (Views: 5.4ms | ActiveRecord: 0.0ms)


Started GET "/" for 127.0.0.1 at 2011-03-05 20:14:34 +1100
  Processing by PagesController#home as HTML
Rendered pages/home.html.erb within layouts/application (2.2ms)
Completed 200 OK in 7ms (Views: 6.2ms | ActiveRecord: 0.0ms)


Started GET "/" for 127.0.0.1 at 2011-03-05 20:15:10 +1100
  Processing by PagesController#home as HTML
Rendered pages/home.html.erb within layouts/application (1.9ms)
Completed 200 OK in 6ms (Views: 5.4ms | ActiveRecord: 0.0ms)


Started GET "/" for 127.0.0.1 at 2011-03-05 20:15:18 +1100
  Processing by PagesController#home as HTML
Rendered pages/home.html.erb within layouts/application (1.6ms)
Completed 200 OK in 5ms (Views: 5.0ms | ActiveRecord: 0.0ms)


Started GET "/" for 127.0.0.1 at 2011-03-05 20:15:21 +1100
  Processing by PagesController#home as HTML
Rendered pages/home.html.erb within layouts/application (1.7ms)
Completed 200 OK in 6ms (Views: 5.7ms | ActiveRecord: 0.0ms)


Started GET "/" for 127.0.0.1 at 2011-03-05 20:15:29 +1100
  Processing by PagesController#home as HTML
Rendered pages/home.html.erb within layouts/application (1.8ms)
Completed 200 OK in 6ms (Views: 5.6ms | ActiveRecord: 0.0ms)


Started GET "/" for 127.0.0.1 at 2011-03-05 20:16:13 +1100
  Processing by PagesController#home as HTML
Rendered pages/home.html.erb within layouts/application (1.7ms)
Completed 200 OK in 6ms (Views: 5.6ms | ActiveRecord: 0.0ms)


Started GET "/" for 127.0.0.1 at 2011-03-05 20:16:15 +1100
  Processing by PagesController#home as HTML
Rendered pages/home.html.erb within layouts/application (1.7ms)
Completed 200 OK in 6ms (Views: 5.1ms | ActiveRecord: 0.0ms)


Started GET "/" for 127.0.0.1 at 2011-03-05 20:16:22 +1100
  Processing by PagesController#home as HTML
Rendered pages/home.html.erb within layouts/application (1.6ms)
Completed 200 OK in 5ms (Views: 5.1ms | ActiveRecord: 0.0ms)


Started GET "/" for 127.0.0.1 at 2011-03-05 20:16:27 +1100
  Processing by PagesController#home as HTML
Rendered pages/home.html.erb within layouts/application (1.7ms)
Completed 200 OK in 5ms (Views: 5.1ms | ActiveRecord: 0.0ms)


Started GET "/" for 127.0.0.1 at 2011-03-05 20:20:30 +1100
  Processing by PagesController#home as HTML
Rendered pages/home.html.erb within layouts/application (10.7ms)
Completed   in 15ms

ActionView::Template::Error (uninitialized constant ActionView::CompiledTemplates::TWITTER_URL):
    11:   <p>I haven't really figured out what I'm going to do with this page just yet (apart from using it to experiment with some new things), so in the meantime here are some links to my various online profiles.</p>
    12:   
    13:   <ul>
    14:     <li><%= link_to 'Twitter', TWITTER_URL, :class => "twitter" %></li>
    15:     <li><%= link_to 'Facebook', FACEBOOK_URL, :class => "facebook" %></li>
    16:   </ul>
    17: </section>
  app/views/pages/home.html.erb:14:in `_app_views_pages_home_html_erb__1118157752138545167_2169337920__1128613371330851942'

Rendered /Users/ptagell/.rvm/gems/ruby-1.9.2-p180/gems/actionpack-3.0.5/lib/action_dispatch/middleware/templates/rescues/_trace.erb (0.9ms)
Rendered /Users/ptagell/.rvm/gems/ruby-1.9.2-p180/gems/actionpack-3.0.5/lib/action_dispatch/middleware/templates/rescues/_request_and_response.erb (2.3ms)
Rendered /Users/ptagell/.rvm/gems/ruby-1.9.2-p180/gems/actionpack-3.0.5/lib/action_dispatch/middleware/templates/rescues/template_error.erb within rescues/layout (6.9ms)


Started GET "/" for 127.0.0.1 at 2011-03-05 20:21:07 +1100
  Processing by PagesController#home as HTML
Rendered pages/home.html.erb within layouts/application (10.8ms)
Completed   in 15ms

ActionView::Template::Error (uninitialized constant ActionView::CompiledTemplates::TWITTER_URL):
    11:   <p>I haven't really figured out what I'm going to do with this page just yet (apart from using it to experiment with some new things), so in the meantime here are some links to my various online profiles.</p>
    12:   
    13:   <ul>
    14:     <li><%= link_to 'Twitter', TWITTER_URL, :class => "twitter" %></li>
    15:     <li><%= link_to 'Facebook', FACEBOOK_URL, :class => "facebook" %></li>
    16:   </ul>
    17: </section>
  app/views/pages/home.html.erb:14:in `_app_views_pages_home_html_erb__1118157752138545167_2169360700__1128613371330851942'

Rendered /Users/ptagell/.rvm/gems/ruby-1.9.2-p180/gems/actionpack-3.0.5/lib/action_dispatch/middleware/templates/rescues/_trace.erb (1.0ms)
Rendered /Users/ptagell/.rvm/gems/ruby-1.9.2-p180/gems/actionpack-3.0.5/lib/action_dispatch/middleware/templates/rescues/_request_and_response.erb (2.0ms)
Rendered /Users/ptagell/.rvm/gems/ruby-1.9.2-p180/gems/actionpack-3.0.5/lib/action_dispatch/middleware/templates/rescues/template_error.erb within rescues/layout (6.3ms)


Started GET "/" for 127.0.0.1 at 2011-03-05 20:21:07 +1100
  Processing by PagesController#home as HTML
Rendered pages/home.html.erb within layouts/application (10.2ms)
Completed   in 14ms

ActionView::Template::Error (uninitialized constant ActionView::CompiledTemplates::TWITTER_URL):
    11:   <p>I haven't really figured out what I'm going to do with this page just yet (apart from using it to experiment with some new things), so in the meantime here are some links to my various online profiles.</p>
    12:   
    13:   <ul>
    14:     <li><%= link_to 'Twitter', TWITTER_URL, :class => "twitter" %></li>
    15:     <li><%= link_to 'Facebook', FACEBOOK_URL, :class => "facebook" %></li>
    16:   </ul>
    17: </section>
  app/views/pages/home.html.erb:14:in `_app_views_pages_home_html_erb__1118157752138545167_2169439980__1128613371330851942'

Rendered /Users/ptagell/.rvm/gems/ruby-1.9.2-p180/gems/actionpack-3.0.5/lib/action_dispatch/middleware/templates/rescues/_trace.erb (0.9ms)
Rendered /Users/ptagell/.rvm/gems/ruby-1.9.2-p180/gems/actionpack-3.0.5/lib/action_dispatch/middleware/templates/rescues/_request_and_response.erb (1.9ms)
Rendered /Users/ptagell/.rvm/gems/ruby-1.9.2-p180/gems/actionpack-3.0.5/lib/action_dispatch/middleware/templates/rescues/template_error.erb within rescues/layout (6.2ms)


Started GET "/" for 127.0.0.1 at 2011-03-05 20:21:08 +1100
  Processing by PagesController#home as HTML
Rendered pages/home.html.erb within layouts/application (10.8ms)
Completed   in 15ms

ActionView::Template::Error (uninitialized constant ActionView::CompiledTemplates::TWITTER_URL):
    11:   <p>I haven't really figured out what I'm going to do with this page just yet (apart from using it to experiment with some new things), so in the meantime here are some links to my various online profiles.</p>
    12:   
    13:   <ul>
    14:     <li><%= link_to 'Twitter', TWITTER_URL, :class => "twitter" %></li>
    15:     <li><%= link_to 'Facebook', FACEBOOK_URL, :class => "facebook" %></li>
    16:   </ul>
    17: </section>
  app/views/pages/home.html.erb:14:in `_app_views_pages_home_html_erb__1118157752138545167_2169491080__1128613371330851942'

Rendered /Users/ptagell/.rvm/gems/ruby-1.9.2-p180/gems/actionpack-3.0.5/lib/action_dispatch/middleware/templates/rescues/_trace.erb (0.9ms)
Rendered /Users/ptagell/.rvm/gems/ruby-1.9.2-p180/gems/actionpack-3.0.5/lib/action_dispatch/middleware/templates/rescues/_request_and_response.erb (2.7ms)
Rendered /Users/ptagell/.rvm/gems/ruby-1.9.2-p180/gems/actionpack-3.0.5/lib/action_dispatch/middleware/templates/rescues/template_error.erb within rescues/layout (6.8ms)


Started GET "/" for 127.0.0.1 at 2011-03-05 20:21:08 +1100
  Processing by PagesController#home as HTML
Rendered pages/home.html.erb within layouts/application (13.3ms)
Completed   in 20ms

ActionView::Template::Error (uninitialized constant ActionView::CompiledTemplates::TWITTER_URL):
    11:   <p>I haven't really figured out what I'm going to do with this page just yet (apart from using it to experiment with some new things), so in the meantime here are some links to my various online profiles.</p>
    12:   
    13:   <ul>
    14:     <li><%= link_to 'Twitter', TWITTER_URL, :class => "twitter" %></li>
    15:     <li><%= link_to 'Facebook', FACEBOOK_URL, :class => "facebook" %></li>
    16:   </ul>
    17: </section>
  app/views/pages/home.html.erb:14:in `_app_views_pages_home_html_erb__1118157752138545167_2169516700__1128613371330851942'

Rendered /Users/ptagell/.rvm/gems/ruby-1.9.2-p180/gems/actionpack-3.0.5/lib/action_dispatch/middleware/templates/rescues/_trace.erb (0.9ms)
Rendered /Users/ptagell/.rvm/gems/ruby-1.9.2-p180/gems/actionpack-3.0.5/lib/action_dispatch/middleware/templates/rescues/_request_and_response.erb (1.9ms)
Rendered /Users/ptagell/.rvm/gems/ruby-1.9.2-p180/gems/actionpack-3.0.5/lib/action_dispatch/middleware/templates/rescues/template_error.erb within rescues/layout (6.1ms)


Started GET "/" for 127.0.0.1 at 2011-03-05 20:21:08 +1100
  Processing by PagesController#home as HTML
Rendered pages/home.html.erb within layouts/application (11.1ms)
Completed   in 15ms

ActionView::Template::Error (uninitialized constant ActionView::CompiledTemplates::TWITTER_URL):
    11:   <p>I haven't really figured out what I'm going to do with this page just yet (apart from using it to experiment with some new things), so in the meantime here are some links to my various online profiles.</p>
    12:   
    13:   <ul>
    14:     <li><%= link_to 'Twitter', TWITTER_URL, :class => "twitter" %></li>
    15:     <li><%= link_to 'Facebook', FACEBOOK_URL, :class => "facebook" %></li>
    16:   </ul>
    17: </section>
  app/views/pages/home.html.erb:14:in `_app_views_pages_home_html_erb__1118157752138545167_2169603300__1128613371330851942'

Rendered /Users/ptagell/.rvm/gems/ruby-1.9.2-p180/gems/actionpack-3.0.5/lib/action_dispatch/middleware/templates/rescues/_trace.erb (0.9ms)
Rendered /Users/ptagell/.rvm/gems/ruby-1.9.2-p180/gems/actionpack-3.0.5/lib/action_dispatch/middleware/templates/rescues/_request_and_response.erb (2.0ms)
Rendered /Users/ptagell/.rvm/gems/ruby-1.9.2-p180/gems/actionpack-3.0.5/lib/action_dispatch/middleware/templates/rescues/template_error.erb within rescues/layout (6.0ms)


Started GET "/" for 127.0.0.1 at 2011-03-05 20:21:08 +1100
  Processing by PagesController#home as HTML
Rendered pages/home.html.erb within layouts/application (10.4ms)
Completed   in 14ms

ActionView::Template::Error (uninitialized constant ActionView::CompiledTemplates::TWITTER_URL):
    11:   <p>I haven't really figured out what I'm going to do with this page just yet (apart from using it to experiment with some new things), so in the meantime here are some links to my various online profiles.</p>
    12:   
    13:   <ul>
    14:     <li><%= link_to 'Twitter', TWITTER_URL, :class => "twitter" %></li>
    15:     <li><%= link_to 'Facebook', FACEBOOK_URL, :class => "facebook" %></li>
    16:   </ul>
    17: </section>
  app/views/pages/home.html.erb:14:in `_app_views_pages_home_html_erb__1118157752138545167_2177045560__1128613371330851942'

Rendered /Users/ptagell/.rvm/gems/ruby-1.9.2-p180/gems/actionpack-3.0.5/lib/action_dispatch/middleware/templates/rescues/_trace.erb (0.9ms)
Rendered /Users/ptagell/.rvm/gems/ruby-1.9.2-p180/gems/actionpack-3.0.5/lib/action_dispatch/middleware/templates/rescues/_request_and_response.erb (1.9ms)
Rendered /Users/ptagell/.rvm/gems/ruby-1.9.2-p180/gems/actionpack-3.0.5/lib/action_dispatch/middleware/templates/rescues/template_error.erb within rescues/layout (6.0ms)


Started GET "/" for 127.0.0.1 at 2011-03-05 20:22:20 +1100
  Processing by PagesController#home as HTML
Rendered pages/home.html.erb within layouts/application (10.4ms)
Completed   in 14ms

ActionView::Template::Error (uninitialized constant ActionView::CompiledTemplates::TWITTER_URL):
    11:   <p>I haven't really figured out what I'm going to do with this page just yet (apart from using it to experiment with some new things), so in the meantime here are some links to my various online profiles.</p>
    12:   
    13:   <ul>
    14:     <li><%= link_to 'Twitter', TWITTER_URL, :class => "twitter" %></li>
    15:     <li><%= link_to 'Facebook', FACEBOOK_URL, :class => "facebook" %></li>
    16:   </ul>
    17: </section>
  app/views/pages/home.html.erb:14:in `_app_views_pages_home_html_erb__1118157752138545167_2177170880__1128613371330851942'

Rendered /Users/ptagell/.rvm/gems/ruby-1.9.2-p180/gems/actionpack-3.0.5/lib/action_dispatch/middleware/templates/rescues/_trace.erb (0.8ms)
Rendered /Users/ptagell/.rvm/gems/ruby-1.9.2-p180/gems/actionpack-3.0.5/lib/action_dispatch/middleware/templates/rescues/_request_and_response.erb (1.9ms)
Rendered /Users/ptagell/.rvm/gems/ruby-1.9.2-p180/gems/actionpack-3.0.5/lib/action_dispatch/middleware/templates/rescues/template_error.erb within rescues/layout (5.9ms)


Started GET "/" for 127.0.0.1 at 2011-03-05 20:25:10 +1100
  Processing by PagesController#home as HTML
Rendered pages/home.html.erb within layouts/application (2.3ms)
Completed 200 OK in 6ms (Views: 5.8ms | ActiveRecord: 0.0ms)


Started GET "/" for 127.0.0.1 at 2011-03-05 20:25:11 +1100
  Processing by PagesController#home as HTML
Rendered pages/home.html.erb within layouts/application (2.0ms)
Completed 200 OK in 6ms (Views: 5.4ms | ActiveRecord: 0.0ms)


Started GET "/wbg-authoritative.html" for 127.0.0.1 at 2011-03-05 20:25:42 +1100

ActionController::RoutingError (No route matches "/wbg-authoritative.html"):
  

Rendered /Users/ptagell/.rvm/gems/ruby-1.9.2-p180/gems/actionpack-3.0.5/lib/action_dispatch/middleware/templates/rescues/routing_error.erb within rescues/layout (1.0ms)


Started GET "/" for 127.0.0.1 at 2011-03-05 20:26:37 +1100
  Processing by PagesController#home as HTML
Rendered pages/home.html.erb within layouts/application (2.0ms)
Completed 200 OK in 6ms (Views: 6.0ms | ActiveRecord: 0.0ms)


Started GET "/" for 127.0.0.1 at 2011-03-05 20:27:03 +1100
  Processing by PagesController#home as HTML
Rendered pages/home.html.erb within layouts/application (1.7ms)
Completed 200 OK in 5ms (Views: 5.1ms | ActiveRecord: 0.0ms)


Started GET "/" for 127.0.0.1 at 2011-03-05 20:33:12 +1100
  Processing by PagesController#home as HTML
Rendered pages/home.html.erb within layouts/application (1.9ms)
Completed 200 OK in 6ms (Views: 5.9ms | ActiveRecord: 0.0ms)


Started GET "/" for 127.0.0.1 at 2011-03-05 20:34:14 +1100
  Processing by PagesController#home as HTML
Rendered pages/home.html.erb within layouts/application (1.8ms)
Completed 200 OK in 6ms (Views: 5.3ms | ActiveRecord: 0.0ms)


Started GET "/" for 127.0.0.1 at 2011-03-05 20:34:26 +1100
  Processing by PagesController#home as HTML
Rendered pages/home.html.erb within layouts/application (2.2ms)
Completed 200 OK in 6ms (Views: 5.7ms | ActiveRecord: 0.0ms)


Started GET "/" for 127.0.0.1 at 2011-03-05 20:34:33 +1100
  Processing by PagesController#home as HTML
Rendered pages/home.html.erb within layouts/application (2.0ms)
Completed 200 OK in 6ms (Views: 5.9ms | ActiveRecord: 0.0ms)


Started GET "/" for 127.0.0.1 at 2011-03-05 20:34:46 +1100
  Processing by PagesController#home as HTML
Rendered pages/home.html.erb within layouts/application (1.8ms)
Completed 200 OK in 5ms (Views: 5.1ms | ActiveRecord: 0.0ms)


Started GET "/" for 127.0.0.1 at 2011-03-05 20:34:52 +1100
  Processing by PagesController#home as HTML
Rendered pages/home.html.erb within layouts/application (1.8ms)
Completed 200 OK in 6ms (Views: 5.4ms | ActiveRecord: 0.0ms)


Started GET "/" for 127.0.0.1 at 2011-03-05 20:34:59 +1100
  Processing by PagesController#home as HTML
Rendered pages/home.html.erb within layouts/application (2.0ms)
Completed 200 OK in 6ms (Views: 5.5ms | ActiveRecord: 0.0ms)


Started GET "/" for 127.0.0.1 at 2011-03-05 20:35:15 +1100
  Processing by PagesController#home as HTML
Rendered pages/home.html.erb within layouts/application (1.8ms)
Completed 200 OK in 39ms (Views: 39.2ms | ActiveRecord: 0.0ms)


Started GET "/" for 127.0.0.1 at 2011-03-05 20:35:16 +1100
  Processing by PagesController#home as HTML
Rendered pages/home.html.erb within layouts/application (1.8ms)
Completed 200 OK in 6ms (Views: 5.2ms | ActiveRecord: 0.0ms)


Started GET "/" for 127.0.0.1 at 2011-03-05 20:35:33 +1100
  Processing by PagesController#home as HTML
Rendered pages/home.html.erb within layouts/application (1.9ms)
Completed 200 OK in 5ms (Views: 5.2ms | ActiveRecord: 0.0ms)


Started GET "/" for 127.0.0.1 at 2011-03-05 20:35:43 +1100
  Processing by PagesController#home as HTML
Rendered pages/home.html.erb within layouts/application (2.0ms)
Completed 200 OK in 6ms (Views: 5.6ms | ActiveRecord: 0.0ms)


Started GET "/" for 127.0.0.1 at 2011-03-05 20:35:49 +1100
  Processing by PagesController#home as HTML
Rendered pages/home.html.erb within layouts/application (2.0ms)
Completed 200 OK in 6ms (Views: 5.5ms | ActiveRecord: 0.0ms)


Started GET "/" for 127.0.0.1 at 2011-03-05 20:35:51 +1100
  Processing by PagesController#home as HTML
Rendered pages/home.html.erb within layouts/application (1.8ms)
Completed 200 OK in 6ms (Views: 5.4ms | ActiveRecord: 0.0ms)


Started GET "/" for 127.0.0.1 at 2011-03-05 20:35:55 +1100
  Processing by PagesController#home as HTML
Rendered pages/home.html.erb within layouts/application (2.0ms)
Completed 200 OK in 6ms (Views: 5.8ms | ActiveRecord: 0.0ms)


Started GET "/" for 127.0.0.1 at 2011-03-05 20:36:08 +1100
  Processing by PagesController#home as HTML
Rendered pages/home.html.erb within layouts/application (1.9ms)
Completed 200 OK in 6ms (Views: 5.4ms | ActiveRecord: 0.0ms)


Started GET "/" for 127.0.0.1 at 2011-03-05 20:36:18 +1100
  Processing by PagesController#home as HTML
Rendered pages/home.html.erb within layouts/application (2.3ms)
Completed 200 OK in 6ms (Views: 5.7ms | ActiveRecord: 0.0ms)


Started GET "/" for 127.0.0.1 at 2011-03-05 20:36:23 +1100
  Processing by PagesController#home as HTML
Rendered pages/home.html.erb within layouts/application (1.8ms)
Completed 200 OK in 6ms (Views: 5.2ms | ActiveRecord: 0.0ms)


Started GET "/" for 127.0.0.1 at 2011-03-05 20:36:24 +1100
  Processing by PagesController#home as HTML
Rendered pages/home.html.erb within layouts/application (2.2ms)
Completed 200 OK in 7ms (Views: 6.5ms | ActiveRecord: 0.0ms)


Started GET "/" for 127.0.0.1 at 2011-03-05 20:36:26 +1100
  Processing by PagesController#home as HTML
Rendered pages/home.html.erb within layouts/application (1.8ms)
Completed 200 OK in 6ms (Views: 5.4ms | ActiveRecord: 0.0ms)


Started GET "/" for 127.0.0.1 at 2011-03-05 20:36:30 +1100
  Processing by PagesController#home as HTML
Rendered pages/home.html.erb within layouts/application (1.9ms)
Completed 200 OK in 6ms (Views: 5.4ms | ActiveRecord: 0.0ms)


Started GET "/" for 127.0.0.1 at 2011-03-05 20:36:33 +1100
  Processing by PagesController#home as HTML
Rendered pages/home.html.erb within layouts/application (1.8ms)
Completed 200 OK in 5ms (Views: 5.2ms | ActiveRecord: 0.0ms)


Started GET "/" for 127.0.0.1 at 2011-03-05 20:36:45 +1100
  Processing by PagesController#home as HTML
Rendered pages/home.html.erb within layouts/application (1.9ms)
Completed 200 OK in 6ms (Views: 5.5ms | ActiveRecord: 0.0ms)


Started GET "/" for 127.0.0.1 at 2011-03-05 20:36:46 +1100
  Processing by PagesController#home as HTML
Rendered pages/home.html.erb within layouts/application (1.8ms)
Completed 200 OK in 6ms (Views: 5.3ms | ActiveRecord: 0.0ms)


Started GET "/" for 127.0.0.1 at 2011-03-05 20:36:48 +1100
  Processing by PagesController#home as HTML
Rendered pages/home.html.erb within layouts/application (2.1ms)
Completed 200 OK in 6ms (Views: 5.6ms | ActiveRecord: 0.0ms)


Started GET "/" for 127.0.0.1 at 2011-03-05 20:36:53 +1100
  Processing by PagesController#home as HTML
Rendered pages/home.html.erb within layouts/application (1.8ms)
Completed 200 OK in 5ms (Views: 5.1ms | ActiveRecord: 0.0ms)


Started GET "/" for 127.0.0.1 at 2011-03-05 20:37:12 +1100
  Processing by PagesController#home as HTML
Rendered pages/home.html.erb within layouts/application (1.8ms)
Completed 200 OK in 6ms (Views: 5.5ms | ActiveRecord: 0.0ms)


Started GET "/" for 127.0.0.1 at 2011-03-05 20:37:18 +1100
  Processing by PagesController#home as HTML
Rendered pages/home.html.erb within layouts/application (2.0ms)
Completed 200 OK in 6ms (Views: 5.5ms | ActiveRecord: 0.0ms)


Started GET "/" for 127.0.0.1 at 2011-03-05 20:37:19 +1100
  Processing by PagesController#home as HTML
Rendered pages/home.html.erb within layouts/application (1.8ms)
Completed 200 OK in 6ms (Views: 5.6ms | ActiveRecord: 0.0ms)


Started GET "/" for 127.0.0.1 at 2011-03-05 20:37:19 +1100
  Processing by PagesController#home as HTML
Rendered pages/home.html.erb within layouts/application (1.8ms)
Completed 200 OK in 5ms (Views: 5.2ms | ActiveRecord: 0.0ms)


Started GET "/" for 127.0.0.1 at 2011-03-05 20:37:19 +1100
  Processing by PagesController#home as HTML
Rendered pages/home.html.erb within layouts/application (1.8ms)
Completed 200 OK in 5ms (Views: 5.2ms | ActiveRecord: 0.0ms)


Started GET "/" for 127.0.0.1 at 2011-03-05 20:37:32 +1100
  Processing by PagesController#home as HTML
Rendered pages/home.html.erb within layouts/application (1.7ms)
Completed 200 OK in 5ms (Views: 5.2ms | ActiveRecord: 0.0ms)


Started GET "/" for 127.0.0.1 at 2011-03-05 20:37:33 +1100
  Processing by PagesController#home as HTML
Rendered pages/home.html.erb within layouts/application (2.0ms)
Completed 200 OK in 6ms (Views: 5.6ms | ActiveRecord: 0.0ms)


Started GET "/" for 127.0.0.1 at 2011-03-05 20:37:59 +1100
  Processing by PagesController#home as HTML
Rendered pages/home.html.erb within layouts/application (2.0ms)
Completed 200 OK in 6ms (Views: 5.3ms | ActiveRecord: 0.0ms)


Started GET "/" for 127.0.0.1 at 2011-03-05 20:38:00 +1100
  Processing by PagesController#home as HTML
Rendered pages/home.html.erb within layouts/application (2.4ms)
Completed 200 OK in 6ms (Views: 5.9ms | ActiveRecord: 0.0ms)


Started GET "/" for 127.0.0.1 at 2011-03-05 20:38:00 +1100
  Processing by PagesController#home as HTML
Rendered pages/home.html.erb within layouts/application (2.2ms)
Completed 200 OK in 7ms (Views: 6.5ms | ActiveRecord: 0.0ms)


Started GET "/" for 127.0.0.1 at 2011-03-05 20:38:08 +1100
  Processing by PagesController#home as HTML
Rendered pages/home.html.erb within layouts/application (1.8ms)
Completed 200 OK in 6ms (Views: 5.5ms | ActiveRecord: 0.0ms)


Started GET "/" for 127.0.0.1 at 2011-03-05 20:38:18 +1100
  Processing by PagesController#home as HTML
Rendered pages/home.html.erb within layouts/application (1.9ms)
Completed 200 OK in 6ms (Views: 5.8ms | ActiveRecord: 0.0ms)


Started GET "/" for 127.0.0.1 at 2011-03-05 20:38:18 +1100
  Processing by PagesController#home as HTML
Rendered pages/home.html.erb within layouts/application (2.5ms)
Completed 200 OK in 6ms (Views: 5.9ms | ActiveRecord: 0.0ms)


Started GET "/" for 127.0.0.1 at 2011-03-05 20:38:19 +1100
  Processing by PagesController#home as HTML
Rendered pages/home.html.erb within layouts/application (2.1ms)
Completed 200 OK in 6ms (Views: 5.8ms | ActiveRecord: 0.0ms)


Started GET "/" for 127.0.0.1 at 2011-03-05 20:38:19 +1100
  Processing by PagesController#home as HTML
Rendered pages/home.html.erb within layouts/application (1.8ms)
Completed 200 OK in 6ms (Views: 5.8ms | ActiveRecord: 0.0ms)


Started GET "/" for 127.0.0.1 at 2011-03-05 20:38:19 +1100
  Processing by PagesController#home as HTML
Rendered pages/home.html.erb within layouts/application (1.9ms)
Completed 200 OK in 6ms (Views: 5.3ms | ActiveRecord: 0.0ms)


Started GET "/" for 127.0.0.1 at 2011-03-05 20:38:19 +1100
  Processing by PagesController#home as HTML
Rendered pages/home.html.erb within layouts/application (2.9ms)
Completed 200 OK in 8ms (Views: 7.9ms | ActiveRecord: 0.0ms)


Started GET "/" for 127.0.0.1 at 2011-03-05 20:38:19 +1100
  Processing by PagesController#home as HTML
Rendered pages/home.html.erb within layouts/application (1.8ms)
Completed 200 OK in 6ms (Views: 5.6ms | ActiveRecord: 0.0ms)


Started GET "/" for 127.0.0.1 at 2011-03-05 20:38:19 +1100
  Processing by PagesController#home as HTML
Rendered pages/home.html.erb within layouts/application (2.3ms)
Completed 200 OK in 8ms (Views: 7.8ms | ActiveRecord: 0.0ms)


Started GET "/" for 127.0.0.1 at 2011-03-05 20:38:31 +1100
  Processing by PagesController#home as HTML
Rendered pages/home.html.erb within layouts/application (2.4ms)
Completed 200 OK in 6ms (Views: 6.0ms | ActiveRecord: 0.0ms)


Started GET "/" for 127.0.0.1 at 2011-03-05 20:38:37 +1100
  Processing by PagesController#home as HTML
Rendered pages/home.html.erb within layouts/application (2.4ms)
Completed 200 OK in 6ms (Views: 5.8ms | ActiveRecord: 0.0ms)


Started GET "/" for 127.0.0.1 at 2011-03-05 20:38:38 +1100
  Processing by PagesController#home as HTML
Rendered pages/home.html.erb within layouts/application (2.0ms)
Completed 200 OK in 6ms (Views: 6.1ms | ActiveRecord: 0.0ms)


Started GET "/" for 127.0.0.1 at 2011-03-05 20:38:43 +1100
  Processing by PagesController#home as HTML
Rendered pages/home.html.erb within layouts/application (2.0ms)
Completed 200 OK in 6ms (Views: 5.7ms | ActiveRecord: 0.0ms)


Started GET "/" for 127.0.0.1 at 2011-03-05 20:38:59 +1100
  Processing by PagesController#home as HTML
Rendered pages/home.html.erb within layouts/application (2.0ms)
Completed 200 OK in 6ms (Views: 5.8ms | ActiveRecord: 0.0ms)


Started GET "/" for 127.0.0.1 at 2011-03-05 20:39:25 +1100
  Processing by PagesController#home as HTML
Rendered pages/home.html.erb within layouts/application (1.9ms)
Completed 200 OK in 6ms (Views: 6.2ms | ActiveRecord: 0.0ms)


Started GET "/" for 127.0.0.1 at 2011-03-05 20:39:41 +1100
  Processing by PagesController#home as HTML
Rendered pages/home.html.erb within layouts/application (2.0ms)
Completed 200 OK in 6ms (Views: 5.6ms | ActiveRecord: 0.0ms)


Started GET "/" for 127.0.0.1 at 2011-03-05 20:39:42 +1100
  Processing by PagesController#home as HTML
Rendered pages/home.html.erb within layouts/application (2.2ms)
Completed 200 OK in 6ms (Views: 6.0ms | ActiveRecord: 0.0ms)


Started GET "/" for 127.0.0.1 at 2011-03-05 20:40:14 +1100
  Processing by PagesController#home as HTML
Rendered pages/home.html.erb within layouts/application (1.9ms)
Completed 200 OK in 6ms (Views: 5.7ms | ActiveRecord: 0.0ms)


Started GET "/" for 127.0.0.1 at 2011-03-05 20:40:35 +1100
  Processing by PagesController#home as HTML
Rendered pages/home.html.erb within layouts/application (2.1ms)
Completed 200 OK in 7ms (Views: 6.7ms | ActiveRecord: 0.0ms)


Started GET "/" for 127.0.0.1 at 2011-03-05 20:40:47 +1100
  Processing by PagesController#home as HTML
Rendered pages/home.html.erb within layouts/application (2.1ms)
Completed 200 OK in 6ms (Views: 6.1ms | ActiveRecord: 0.0ms)


Started GET "/" for 127.0.0.1 at 2011-03-05 20:41:10 +1100
  Processing by PagesController#home as HTML
Rendered pages/home.html.erb within layouts/application (2.0ms)
Completed 200 OK in 6ms (Views: 5.7ms | ActiveRecord: 0.0ms)


Started GET "/" for 127.0.0.1 at 2011-03-05 20:41:20 +1100
  Processing by PagesController#home as HTML
Rendered pages/home.html.erb within layouts/application (1.9ms)
Completed 200 OK in 6ms (Views: 5.6ms | ActiveRecord: 0.0ms)


Started GET "/" for 127.0.0.1 at 2011-03-05 20:41:31 +1100
  Processing by PagesController#home as HTML
Rendered pages/home.html.erb within layouts/application (2.7ms)
Completed 200 OK in 7ms (Views: 6.7ms | ActiveRecord: 0.0ms)


Started GET "/" for 127.0.0.1 at 2011-03-05 20:41:34 +1100
  Processing by PagesController#home as HTML
Rendered pages/home.html.erb within layouts/application (36.6ms)
Completed 200 OK in 40ms (Views: 40.0ms | ActiveRecord: 0.0ms)


Started GET "/" for 127.0.0.1 at 2011-03-05 20:41:42 +1100
  Processing by PagesController#home as HTML
Rendered pages/home.html.erb within layouts/application (1.9ms)
Completed 200 OK in 6ms (Views: 6.0ms | ActiveRecord: 0.0ms)


Started GET "/" for 127.0.0.1 at 2011-03-05 20:41:47 +1100
  Processing by PagesController#home as HTML
Rendered pages/home.html.erb within layouts/application (2.0ms)
Completed 200 OK in 6ms (Views: 5.8ms | ActiveRecord: 0.0ms)


Started GET "/" for 127.0.0.1 at 2011-03-05 20:42:53 +1100
  Processing by PagesController#home as HTML
Rendered pages/home.html.erb within layouts/application (1.9ms)
Completed 200 OK in 6ms (Views: 5.4ms | ActiveRecord: 0.0ms)


Started GET "/" for 127.0.0.1 at 2011-03-05 20:43:23 +1100
  Processing by PagesController#home as HTML
Rendered pages/home.html.erb within layouts/application (2.7ms)
Completed 200 OK in 8ms (Views: 7.2ms | ActiveRecord: 0.0ms)


Started GET "/" for 127.0.0.1 at 2011-03-05 20:43:41 +1100
  Processing by PagesController#home as HTML
Rendered pages/home.html.erb within layouts/application (2.5ms)
Completed 200 OK in 7ms (Views: 6.3ms | ActiveRecord: 0.0ms)


Started GET "/" for 127.0.0.1 at 2011-03-05 20:43:50 +1100
  Processing by PagesController#home as HTML
Rendered pages/home.html.erb within layouts/application (2.1ms)
Completed 200 OK in 6ms (Views: 5.9ms | ActiveRecord: 0.0ms)


Started GET "/" for 127.0.0.1 at 2011-03-05 20:44:16 +1100
  Processing by PagesController#home as HTML
Rendered pages/home.html.erb within layouts/application (2.1ms)
Completed 200 OK in 7ms (Views: 6.4ms | ActiveRecord: 0.0ms)


Started GET "/" for 127.0.0.1 at 2011-03-05 20:44:22 +1100
  Processing by PagesController#home as HTML
Rendered pages/home.html.erb within layouts/application (2.2ms)
Completed 200 OK in 6ms (Views: 6.0ms | ActiveRecord: 0.0ms)


Started GET "/" for 127.0.0.1 at 2011-03-05 20:44:29 +1100
  Processing by PagesController#home as HTML
Rendered pages/home.html.erb within layouts/application (1.7ms)
Completed 200 OK in 5ms (Views: 5.0ms | ActiveRecord: 0.0ms)


Started GET "/" for 127.0.0.1 at 2011-03-05 20:44:29 +1100
  Processing by PagesController#home as HTML
Rendered pages/home.html.erb within layouts/application (2.4ms)
Completed 200 OK in 6ms (Views: 5.8ms | ActiveRecord: 0.0ms)


Started GET "/" for 127.0.0.1 at 2011-03-05 20:44:30 +1100
  Processing by PagesController#home as HTML
Rendered pages/home.html.erb within layouts/application (2.2ms)
Completed 200 OK in 6ms (Views: 5.8ms | ActiveRecord: 0.0ms)


Started GET "/" for 127.0.0.1 at 2011-03-05 20:44:30 +1100
  Processing by PagesController#home as HTML
Rendered pages/home.html.erb within layouts/application (2.0ms)
Completed 200 OK in 6ms (Views: 5.7ms | ActiveRecord: 0.0ms)


Started GET "/" for 127.0.0.1 at 2011-03-05 20:44:34 +1100
  Processing by PagesController#home as HTML
Rendered pages/home.html.erb within layouts/application (1.7ms)
Completed 200 OK in 5ms (Views: 5.1ms | ActiveRecord: 0.0ms)


Started GET "/" for 127.0.0.1 at 2011-03-05 20:44:53 +1100
  Processing by PagesController#home as HTML
Rendered pages/home.html.erb within layouts/application (2.5ms)
Completed 200 OK in 6ms (Views: 5.8ms | ActiveRecord: 0.0ms)


Started GET "/" for 127.0.0.1 at 2011-03-05 20:45:01 +1100
  Processing by PagesController#home as HTML
Rendered pages/home.html.erb within layouts/application (1.9ms)
Completed 200 OK in 6ms (Views: 5.4ms | ActiveRecord: 0.0ms)


Started GET "/" for 127.0.0.1 at 2011-03-05 20:45:13 +1100
  Processing by PagesController#home as HTML
Rendered pages/home.html.erb within layouts/application (1.9ms)
Completed 200 OK in 6ms (Views: 5.4ms | ActiveRecord: 0.0ms)


Started GET "/" for 127.0.0.1 at 2011-03-05 20:45:25 +1100
  Processing by PagesController#home as HTML
Rendered pages/home.html.erb within layouts/application (1.8ms)
Completed 200 OK in 5ms (Views: 5.2ms | ActiveRecord: 0.0ms)


Started GET "/" for 127.0.0.1 at 2011-03-05 20:45:36 +1100
  Processing by PagesController#home as HTML
Rendered pages/home.html.erb within layouts/application (2.1ms)
Completed 200 OK in 6ms (Views: 6.1ms | ActiveRecord: 0.0ms)


Started GET "/" for 127.0.0.1 at 2011-03-05 20:45:41 +1100
  Processing by PagesController#home as HTML
Rendered pages/home.html.erb within layouts/application (2.4ms)
Completed 200 OK in 6ms (Views: 5.8ms | ActiveRecord: 0.0ms)


Started GET "/" for 127.0.0.1 at 2011-03-05 20:45:53 +1100
  Processing by PagesController#home as HTML
Rendered pages/home.html.erb within layouts/application (1.7ms)
Completed 200 OK in 5ms (Views: 5.1ms | ActiveRecord: 0.0ms)


Started GET "/" for 127.0.0.1 at 2011-03-05 20:46:08 +1100
  Processing by PagesController#home as HTML
Rendered pages/home.html.erb within layouts/application (2.0ms)
Completed 200 OK in 6ms (Views: 5.4ms | ActiveRecord: 0.0ms)


Started GET "/" for 127.0.0.1 at 2011-03-05 20:46:31 +1100
  Processing by PagesController#home as HTML
Rendered pages/home.html.erb within layouts/application (1.9ms)
Completed 200 OK in 6ms (Views: 5.9ms | ActiveRecord: 0.0ms)


Started GET "/" for 127.0.0.1 at 2011-03-05 20:46:38 +1100
  Processing by PagesController#home as HTML
Rendered pages/home.html.erb within layouts/application (2.6ms)
Completed 200 OK in 7ms (Views: 6.5ms | ActiveRecord: 0.0ms)


Started GET "/" for 127.0.0.1 at 2011-03-05 20:46:45 +1100
  Processing by PagesController#home as HTML
Rendered pages/home.html.erb within layouts/application (2.1ms)
Completed 200 OK in 7ms (Views: 6.5ms | ActiveRecord: 0.0ms)


Started GET "/" for 127.0.0.1 at 2011-03-05 20:46:54 +1100
  Processing by PagesController#home as HTML
Rendered pages/home.html.erb within layouts/application (1.8ms)
Completed 200 OK in 5ms (Views: 5.2ms | ActiveRecord: 0.0ms)


Started GET "/" for 127.0.0.1 at 2011-03-05 20:47:07 +1100
  Processing by PagesController#home as HTML
Rendered pages/home.html.erb within layouts/application (2.1ms)
Completed 200 OK in 6ms (Views: 5.7ms | ActiveRecord: 0.0ms)


Started GET "/" for 127.0.0.1 at 2011-03-05 20:47:10 +1100
  Processing by PagesController#home as HTML
Rendered pages/home.html.erb within layouts/application (1.8ms)
Completed 200 OK in 6ms (Views: 6.0ms | ActiveRecord: 0.0ms)


Started GET "/" for 127.0.0.1 at 2011-03-05 20:47:14 +1100
  Processing by PagesController#home as HTML
Rendered pages/home.html.erb within layouts/application (1.8ms)
Completed 200 OK in 5ms (Views: 5.1ms | ActiveRecord: 0.0ms)


Started GET "/" for 127.0.0.1 at 2011-03-05 20:51:04 +1100
  Processing by PagesController#home as HTML
Rendered pages/home.html.erb within layouts/application (1.9ms)
Completed 200 OK in 6ms (Views: 5.3ms | ActiveRecord: 0.0ms)


Started GET "/" for 127.0.0.1 at 2011-03-05 20:51:43 +1100
  Processing by PagesController#home as HTML
Rendered pages/home.html.erb within layouts/application (2.3ms)
Completed 200 OK in 6ms (Views: 5.8ms | ActiveRecord: 0.0ms)


Started GET "/" for 127.0.0.1 at 2011-03-05 20:51:50 +1100
  Processing by PagesController#home as HTML
Rendered pages/home.html.erb within layouts/application (1.8ms)
Completed 200 OK in 6ms (Views: 5.3ms | ActiveRecord: 0.0ms)


Started GET "/" for 127.0.0.1 at 2011-03-05 20:52:20 +1100
  Processing by PagesController#home as HTML
Rendered pages/home.html.erb within layouts/application (2.0ms)
Completed 200 OK in 6ms (Views: 5.5ms | ActiveRecord: 0.0ms)


Started GET "/" for 127.0.0.1 at 2011-03-05 20:52:24 +1100
  Processing by PagesController#home as HTML
Rendered pages/home.html.erb within layouts/application (1.8ms)
Completed 200 OK in 6ms (Views: 5.3ms | ActiveRecord: 0.0ms)


Started GET "/" for 127.0.0.1 at 2011-03-05 20:52:27 +1100
  Processing by PagesController#home as HTML
Rendered pages/home.html.erb within layouts/application (1.9ms)
Completed 200 OK in 6ms (Views: 6.1ms | ActiveRecord: 0.0ms)


Started GET "/" for 127.0.0.1 at 2011-03-05 20:52:32 +1100
  Processing by PagesController#home as HTML
Rendered pages/home.html.erb within layouts/application (1.8ms)
Completed 200 OK in 6ms (Views: 5.5ms | ActiveRecord: 0.0ms)


Started GET "/" for 127.0.0.1 at 2011-03-05 20:52:35 +1100
  Processing by PagesController#home as HTML
Rendered pages/home.html.erb within layouts/application (1.8ms)
Completed 200 OK in 6ms (Views: 5.3ms | ActiveRecord: 0.0ms)


Started GET "/" for 127.0.0.1 at 2011-03-05 20:52:38 +1100
  Processing by PagesController#home as HTML
Rendered pages/home.html.erb within layouts/application (2.3ms)
Completed 200 OK in 7ms (Views: 6.3ms | ActiveRecord: 0.0ms)


Started GET "/" for 127.0.0.1 at 2011-03-05 20:52:41 +1100
  Processing by PagesController#home as HTML
Rendered pages/home.html.erb within layouts/application (2.0ms)
Completed 200 OK in 6ms (Views: 5.5ms | ActiveRecord: 0.0ms)


Started GET "/" for 127.0.0.1 at 2011-03-05 20:52:48 +1100
  Processing by PagesController#home as HTML
Rendered pages/home.html.erb within layouts/application (2.3ms)
Completed 200 OK in 6ms (Views: 5.6ms | ActiveRecord: 0.0ms)


Started GET "/" for 127.0.0.1 at 2011-03-05 20:52:50 +1100
  Processing by PagesController#home as HTML
Rendered pages/home.html.erb within layouts/application (1.9ms)
Completed 200 OK in 6ms (Views: 5.6ms | ActiveRecord: 0.0ms)


Started GET "/" for 127.0.0.1 at 2011-03-05 20:52:54 +1100
  Processing by PagesController#home as HTML
Rendered pages/home.html.erb within layouts/application (1.8ms)
Completed 200 OK in 6ms (Views: 5.3ms | ActiveRecord: 0.0ms)


Started GET "/" for 127.0.0.1 at 2011-03-05 20:53:04 +1100
  Processing by PagesController#home as HTML
Rendered pages/home.html.erb within layouts/application (2.0ms)
Completed 200 OK in 6ms (Views: 5.6ms | ActiveRecord: 0.0ms)


Started GET "/" for 127.0.0.1 at 2011-03-05 20:53:06 +1100
  Processing by PagesController#home as HTML
Rendered pages/home.html.erb within layouts/application (2.0ms)
Completed 200 OK in 6ms (Views: 5.5ms | ActiveRecord: 0.0ms)


Started GET "/" for 127.0.0.1 at 2011-03-05 20:53:16 +1100
  Processing by PagesController#home as HTML
Rendered pages/home.html.erb within layouts/application (1.8ms)
Completed 200 OK in 6ms (Views: 5.5ms | ActiveRecord: 0.0ms)


Started GET "/" for 127.0.0.1 at 2011-03-05 20:53:19 +1100
  Processing by PagesController#home as HTML
Rendered pages/home.html.erb within layouts/application (1.9ms)
Completed 200 OK in 6ms (Views: 5.8ms | ActiveRecord: 0.0ms)


Started GET "/" for 127.0.0.1 at 2011-03-05 20:53:23 +1100
  Processing by PagesController#home as HTML
Rendered pages/home.html.erb within layouts/application (3.0ms)
Completed 200 OK in 8ms (Views: 7.8ms | ActiveRecord: 0.0ms)


Started GET "/" for 127.0.0.1 at 2011-03-05 20:53:31 +1100
  Processing by PagesController#home as HTML
Rendered pages/home.html.erb within layouts/application (2.3ms)
Completed 200 OK in 6ms (Views: 5.6ms | ActiveRecord: 0.0ms)
